<?xml version="1.0" encoding="UTF-8"?>
<testsuite xmlns:xsi="http://www.w3.org/2001/XMLSchema-instance" xsi:noNamespaceSchemaLocation="https://maven.apache.org/surefire/maven-surefire-plugin/xsd/surefire-test-report.xsd" version="3.0.2" name="com.example.runner.CucumberRunnerTests" time="24.178" tests="1" errors="0" skipped="0" failures="0">
  <properties>
[...]
</properties>
  <testcase name="Login with valid credentials" classname="Login to HRM Application" time="18.1">
    <system-out><![CDATA[
@ValidCredentials
Scenario: Login with valid credentials                                                  # src/test/resources/features/LoginPage.feature:7
  Given User is on HRMLogin page "https://ui.freecrm.com"                               # com.example.definitions.LoginPageDefinitions.loginTest(java.lang.String)
  When User enters username as "husainahamad055@gmail.com" and password as "Kaalo@1234" # com.example.definitions.LoginPageDefinitions.goToHomePage(java.lang.String,java.lang.String)
  Then User should be able to login sucessfully and new page open                       # com.example.definitions.LoginPageDefinitions.verifyLogin()

    Embedding Login with valid credentials [image/png 125318 bytes]

]]></system-out>
    <system-err><![CDATA[[main] INFO io.github.bonigarcia.wdm.WebDriverManager - Using chromedriver 132.0.6834.83 (resolved driver for Chrome 132)
[main] INFO io.github.bonigarcia.wdm.WebDriverManager - Exporting webdriver.chrome.driver as C:\Users\Dell\.cache\selenium\chromedriver\win64\132.0.6834.83\chromedriver.exe
Jan 18, 2025 12:07:52 PM org.openqa.selenium.devtools.CdpVersionFinder findNearestMatch
WARNING: Unable to find an exact match for CDP version 132, returning the closest version; found: 131; Please update to a Selenium version that supports CDP version 132
]]></system-err>
  </testcase>
</testsuite>